<?xml version="1.0" encoding="UTF-8"?>
<!-- Generated by org.testng.reporters.JUnitReportReporter -->
<testsuite hostname="DESKTOP-SOLO05V" name="practicemaven.practice" tests="1" failures="0" timestamp="22 Feb 2020 09:47:54 GMT" time="13.800" errors="0">
  <testcase name="test1" time="13.800" classname="practicemaven.practice"/>
</testsuite> <!-- practicemaven.practice -->
